<?xml version="1.0" encoding="UTF-8"?>
<!-- Generated by org.testng.reporters.JUnitReportReporter -->
<testsuite hostname="ChauThai" failures="0" tests="1" name="pamgiamHomePage.PangiamHomePageTest" time="16.020" errors="0" timestamp="2023-01-06T01:20:31 EST" skipped="0">
  <testcase classname="pamgiamHomePage.PangiamHomePageTest" name="pangiamFunction" time="16.020"/>
  <system-out/>
</testsuite> <!-- pamgiamHomePage.PangiamHomePageTest -->
