<?xml version="1.0" encoding="UTF-8"?>
<!-- Generated by org.testng.reporters.JUnitReportReporter -->
<testsuite hostname="ChauThai" failures="0" tests="1" name="pamgiamBeaconPage.PangiamBeaconPageTest" time="17.704" errors="0" timestamp="2023-01-06T01:20:31 EST" skipped="0">
  <testcase classname="pamgiamBeaconPage.PangiamBeaconPageTest" name="pangiamFunction" time="17.704"/>
  <system-out/>
</testsuite> <!-- pamgiamBeaconPage.PangiamBeaconPageTest -->
